0 info it worked if it ends with ok
1 verbose cli [ '/home/ubuntu/.nvm/versions/node/v4.5.0/bin/node',
1 verbose cli   '/home/ubuntu/.nvm/versions/node/v4.5.0/bin/npm',
1 verbose cli   'install',
1 verbose cli   'gitbok-start-team-noejaco2017',
1 verbose cli   '--save-dev' ]
2 info using npm@2.15.9
3 info using node@v4.5.0
4 verbose install initial load of /home/ubuntu/workspace/template/package.json
5 warn package.json juanito@1.0.1 No README data
6 warn package.json juanito@1.0.1 homepage field must start with a protocol.
7 warn package.json juanito@1.0.1 No bin file found at ./bin/linea-comando-npm.js
8 verbose readDependencies loading dependencies from /home/ubuntu/workspace/template/package.json
9 silly cache add args [ 'gitbok-start-team-noejaco2017', null ]
10 verbose cache add spec gitbok-start-team-noejaco2017
11 silly cache add parsed spec Result {
11 silly cache add   raw: 'gitbok-start-team-noejaco2017',
11 silly cache add   scope: null,
11 silly cache add   name: 'gitbok-start-team-noejaco2017',
11 silly cache add   rawSpec: '',
11 silly cache add   spec: 'latest',
11 silly cache add   type: 'tag' }
12 silly addNamed gitbok-start-team-noejaco2017@latest
13 verbose addNamed "latest" is being treated as a dist-tag for gitbok-start-team-noejaco2017
14 info addNameTag [ 'gitbok-start-team-noejaco2017', 'latest' ]
15 silly mapToRegistry name gitbok-start-team-noejaco2017
16 silly mapToRegistry using default registry
17 silly mapToRegistry registry https://registry.npmjs.org/
18 silly mapToRegistry data Result {
18 silly mapToRegistry   raw: 'gitbok-start-team-noejaco2017',
18 silly mapToRegistry   scope: null,
18 silly mapToRegistry   name: 'gitbok-start-team-noejaco2017',
18 silly mapToRegistry   rawSpec: '',
18 silly mapToRegistry   spec: 'latest',
18 silly mapToRegistry   type: 'tag' }
19 silly mapToRegistry uri https://registry.npmjs.org/gitbok-start-team-noejaco2017
20 verbose addNameTag registry:https://registry.npmjs.org/gitbok-start-team-noejaco2017 not in flight; fetching
21 verbose request uri https://registry.npmjs.org/gitbok-start-team-noejaco2017
22 verbose request no auth needed
23 info attempt registry request try #1 at 9:40:15 AM
24 verbose request using bearer token for auth
25 verbose request id 1c000b3efb2acd27
26 http request GET https://registry.npmjs.org/gitbok-start-team-noejaco2017
27 http 404 https://registry.npmjs.org/gitbok-start-team-noejaco2017
28 verbose headers { 'content-type': 'application/json',
28 verbose headers   'cache-control': 'max-age=0',
28 verbose headers   'content-length': '2',
28 verbose headers   'accept-ranges': 'bytes',
28 verbose headers   date: 'Fri, 07 Oct 2016 09:40:15 GMT',
28 verbose headers   via: '1.1 varnish',
28 verbose headers   connection: 'keep-alive',
28 verbose headers   'x-served-by': 'cache-lhr6338-LHR',
28 verbose headers   'x-cache': 'MISS',
28 verbose headers   'x-cache-hits': '0',
28 verbose headers   'x-timer': 'S1475833215.159073,VS0,VE709',
28 verbose headers   vary: 'Accept-Encoding' }
29 silly get cb [ 404,
29 silly get   { 'content-type': 'application/json',
29 silly get     'cache-control': 'max-age=0',
29 silly get     'content-length': '2',
29 silly get     'accept-ranges': 'bytes',
29 silly get     date: 'Fri, 07 Oct 2016 09:40:15 GMT',
29 silly get     via: '1.1 varnish',
29 silly get     connection: 'keep-alive',
29 silly get     'x-served-by': 'cache-lhr6338-LHR',
29 silly get     'x-cache': 'MISS',
29 silly get     'x-cache-hits': '0',
29 silly get     'x-timer': 'S1475833215.159073,VS0,VE709',
29 silly get     vary: 'Accept-Encoding' } ]
30 verbose stack Error: Registry returned 404 for GET on https://registry.npmjs.org/gitbok-start-team-noejaco2017
30 verbose stack     at makeError (/home/ubuntu/.nvm/versions/node/v4.5.0/lib/node_modules/npm/node_modules/npm-registry-client/lib/request.js:264:12)
30 verbose stack     at CachingRegistryClient.<anonymous> (/home/ubuntu/.nvm/versions/node/v4.5.0/lib/node_modules/npm/node_modules/npm-registry-client/lib/request.js:242:14)
30 verbose stack     at Request._callback (/home/ubuntu/.nvm/versions/node/v4.5.0/lib/node_modules/npm/node_modules/npm-registry-client/lib/request.js:172:14)
30 verbose stack     at Request.self.callback (/home/ubuntu/.nvm/versions/node/v4.5.0/lib/node_modules/npm/node_modules/request/request.js:200:22)
30 verbose stack     at emitTwo (events.js:87:13)
30 verbose stack     at Request.emit (events.js:172:7)
30 verbose stack     at Request.<anonymous> (/home/ubuntu/.nvm/versions/node/v4.5.0/lib/node_modules/npm/node_modules/request/request.js:1067:10)
30 verbose stack     at emitOne (events.js:82:20)
30 verbose stack     at Request.emit (events.js:169:7)
30 verbose stack     at IncomingMessage.<anonymous> (/home/ubuntu/.nvm/versions/node/v4.5.0/lib/node_modules/npm/node_modules/request/request.js:988:12)
31 verbose statusCode 404
32 verbose pkgid gitbok-start-team-noejaco2017
33 verbose cwd /home/ubuntu/workspace/template
34 error Linux 4.2.0-c9
35 error argv "/home/ubuntu/.nvm/versions/node/v4.5.0/bin/node" "/home/ubuntu/.nvm/versions/node/v4.5.0/bin/npm" "install" "gitbok-start-team-noejaco2017" "--save-dev"
36 error node v4.5.0
37 error npm  v2.15.9
38 error code E404
39 error 404 Registry returned 404 for GET on https://registry.npmjs.org/gitbok-start-team-noejaco2017
39 error 404
39 error 404 'gitbok-start-team-noejaco2017' is not in the npm registry.
39 error 404 You should bug the author to publish it (or use the name yourself!)
39 error 404 It was specified as a dependency of 'juanito'
39 error 404
39 error 404 Note that you can also install from a
39 error 404 tarball, folder, http url, or git url.
40 verbose exit [ 1, true ]
